<?xml version="1.0" encoding="UTF-8"?>
<!-- Generated by org.testng.reporters.JUnitReportReporter -->
<testsuite skipped="0" hostname="Humaira" name="com.herokuapp.internet_the.testsuite.HomePageTest" tests="1" failures="0" timestamp="2022-12-12T15:13:04 GMT" time="6.959" errors="0">
  <testcase name="verifyTheUsernameErrorMessage" time="6.959" classname="com.herokuapp.internet_the.testsuite.HomePageTest"/>
  <system-out>
    <![CDATA[Enter username tomsmith1 in the username field[[ChromeDriver: chrome on WINDOWS (8ac3960855d06d6f1747dc46e797baff)] -> id: username]
Enter password SuperSecretPassword! in the password field[[ChromeDriver: chrome on WINDOWS (8ac3960855d06d6f1747dc46e797baff)] -> id: password]
Click on login button[[ChromeDriver: chrome on WINDOWS (8ac3960855d06d6f1747dc46e797baff)] -> xpath: //button[@class = 'radius']/i[@class =  'fa fa-2x fa-sign-in' ]]
Verify the invalid Credentials Error message[[ChromeDriver: chrome on WINDOWS (8ac3960855d06d6f1747dc46e797baff)] -> xpath: //div[@id = 'flash']]]]>
  </system-out>
</testsuite> <!-- com.herokuapp.internet_the.testsuite.HomePageTest -->
